  [1m[36m (1.2ms)[0m  [1mCREATE TABLE "schema_migrations" ("version" varchar NOT NULL) [0m
  [1m[35m (0.0ms)[0m  select sqlite_version(*)
  [1m[36m (1.0ms)[0m  [1mCREATE UNIQUE INDEX "unique_schema_migrations" ON "schema_migrations" ("version")[0m
  [1m[35mActiveRecord::SchemaMigration Load (0.1ms)[0m  SELECT "schema_migrations".* FROM "schema_migrations"
  [1m[36mActiveRecord::SchemaMigration Load (0.1ms)[0m  [1mSELECT "schema_migrations".* FROM "schema_migrations"[0m
Migrating to CreatePosts (20151230232412)
  [1m[35m (0.1ms)[0m  begin transaction
  [1m[36m (0.4ms)[0m  [1mCREATE TABLE "posts" ("id" INTEGER PRIMARY KEY AUTOINCREMENT NOT NULL, "title" varchar, "description" text, "created_at" datetime NOT NULL, "updated_at" datetime NOT NULL) [0m
  [1m[35mSQL (0.2ms)[0m  INSERT INTO "schema_migrations" ("version") VALUES (?)  [["version", "20151230232412"]]
  [1m[36m (1.3ms)[0m  [1mcommit transaction[0m
  [1m[35mActiveRecord::SchemaMigration Load (0.1ms)[0m  SELECT "schema_migrations".* FROM "schema_migrations"


Started GET "/posts/new" for ::1 at 2015-12-30 20:30:31 -0600
  [1m[36mActiveRecord::SchemaMigration Load (0.1ms)[0m  [1mSELECT "schema_migrations".* FROM "schema_migrations"[0m
Processing by PostsController#new as HTML
  Rendered posts/new.html.erb within layouts/application (2.7ms)
Completed 200 OK in 393ms (Views: 383.8ms | ActiveRecord: 0.0ms)


Started POST "/posts" for ::1 at 2015-12-30 20:30:37 -0600
Processing by PostsController#create as HTML
  Parameters: {"utf8"=>"✓", "authenticity_token"=>"Hjp1RiR9ya6iFqkxVbwpk4S8rTowSYfUHBxQZzKCrcwuqlFxP2gFlrxGWRZYDnx9U/sdURHTMwpX6/wSjx76KQ==", "title"=>"Rails Introduction Quiz", "description"=>"asdfasd", "commit"=>"Submit Post"}
Redirected to http://localhost:3000/posts/new
Completed 302 Found in 1ms (ActiveRecord: 0.0ms)


Started GET "/posts/new" for ::1 at 2015-12-30 20:30:37 -0600
Processing by PostsController#new as HTML
  Rendered posts/new.html.erb within layouts/application (0.4ms)
Completed 200 OK in 10ms (Views: 9.0ms | ActiveRecord: 0.0ms)


Started GET "/posts/new?someting=asdafdas" for ::1 at 2015-12-30 20:33:34 -0600
Processing by PostsController#new as HTML
  Parameters: {"someting"=>"asdafdas"}
  Rendered posts/new.html.erb within layouts/application (0.3ms)
Completed 200 OK in 9ms (Views: 8.1ms | ActiveRecord: 0.0ms)


Started GET "/posts/new?someting=asdafdas" for ::1 at 2015-12-30 20:40:29 -0600
Processing by PostsController#new as HTML
  Parameters: {"someting"=>"asdafdas"}
  Rendered posts/new.html.erb within layouts/application (0.4ms)
Completed 200 OK in 10ms (Views: 9.6ms | ActiveRecord: 0.0ms)


Started GET "/assets/application.self-e80e8f2318043e8af94dddc2adad5a4f09739a8ebb323b3ab31cd71d45fd9113.css?body=1" for ::1 at 2015-12-30 20:40:29 -0600


Started GET "/assets/jquery_ujs.self-d456baa54c1fa6be2ec3711f0a72ddf7a5b2f34a6b4f515f33767d6207b7d4b3.js?body=1" for ::1 at 2015-12-30 20:40:29 -0600


Started GET "/assets/jquery.self-a714331225dda820228db323939889f149aec0127aeb06255646b616ba1ca419.js?body=1" for ::1 at 2015-12-30 20:40:29 -0600


Started GET "/assets/application.self-3b8dabdc891efe46b9a144b400ad69e37d7e5876bdc39dee783419a69d7ca819.js?body=1" for ::1 at 2015-12-30 20:40:29 -0600


Started GET "/assets/turbolinks.self-c37727e9bd6b2735da5c311aa83fead54ed0be6cc8bd9a65309e9c5abe2cbfff.js?body=1" for ::1 at 2015-12-30 20:40:29 -0600


Started GET "/posts/new" for ::1 at 2015-12-30 20:40:37 -0600
Processing by PostsController#new as HTML
  Rendered posts/new.html.erb within layouts/application (0.4ms)
Completed 200 OK in 10ms (Views: 9.3ms | ActiveRecord: 0.0ms)


Started POST "/posts" for ::1 at 2015-12-30 20:40:55 -0600
Processing by PostsController#create as HTML
  Parameters: {"utf8"=>"✓", "authenticity_token"=>"8wEmAU4QXBwNFcOKOvFNuQeQp8Yq4xHFehAkMFbvryDDkQI2VQWQJBNFM603QxhX0NcXrQt5pRsx54hF63P4xQ==", "title"=>"Rails Introduction Quiz", "description"=>"asdfasdfasd", "commit"=>"Submit Post"}
Redirected to http://localhost:3000/posts/new
Completed 302 Found in 1ms (ActiveRecord: 0.0ms)


Started GET "/posts/new" for ::1 at 2015-12-30 20:40:55 -0600
Processing by PostsController#new as HTML
  Rendered posts/new.html.erb within layouts/application (0.3ms)
Completed 200 OK in 8ms (Views: 6.9ms | ActiveRecord: 0.0ms)


Started GET "/posts/new" for ::1 at 2015-12-30 20:41:09 -0600
Processing by PostsController#new as HTML
  Rendered posts/new.html.erb within layouts/application (0.4ms)
Completed 200 OK in 10ms (Views: 8.9ms | ActiveRecord: 0.0ms)


Started GET "/assets/application.self-e80e8f2318043e8af94dddc2adad5a4f09739a8ebb323b3ab31cd71d45fd9113.css?body=1" for ::1 at 2015-12-30 20:41:09 -0600


Started GET "/assets/turbolinks.self-c37727e9bd6b2735da5c311aa83fead54ed0be6cc8bd9a65309e9c5abe2cbfff.js?body=1" for ::1 at 2015-12-30 20:41:09 -0600


Started GET "/assets/jquery_ujs.self-d456baa54c1fa6be2ec3711f0a72ddf7a5b2f34a6b4f515f33767d6207b7d4b3.js?body=1" for ::1 at 2015-12-30 20:41:09 -0600


Started GET "/assets/jquery.self-a714331225dda820228db323939889f149aec0127aeb06255646b616ba1ca419.js?body=1" for ::1 at 2015-12-30 20:41:09 -0600


Started GET "/assets/application.self-3b8dabdc891efe46b9a144b400ad69e37d7e5876bdc39dee783419a69d7ca819.js?body=1" for ::1 at 2015-12-30 20:41:09 -0600


Started POST "/posts" for ::1 at 2015-12-30 20:41:12 -0600
Processing by PostsController#create as HTML
  Parameters: {"utf8"=>"✓", "authenticity_token"=>"wM0kUAuTuVVs64yO9C+2FgVExLWEkXYBL4fHjMvdHb/wXQBnEIZ1bXK7fKn5neP40gN03qULwt9kcGv5dkFKWg==", "title"=>"Rails Introduction Quiz", "description"=>"asdf", "commit"=>"Submit Post"}
Redirected to http://localhost:3000/posts/new?post%5Baction%5D=create&post%5Bauthenticity_token%5D=wM0kUAuTuVVs64yO9C%2B2FgVExLWEkXYBL4fHjMvdHb%2FwXQBnEIZ1bXK7fKn5neP40gN03qULwt9kcGv5dkFKWg%3D%3D&post%5Bcommit%5D=Submit+Post&post%5Bcontroller%5D=posts&post%5Bdescription%5D=asdf&post%5Btitle%5D=Rails+Introduction+Quiz&post%5Butf8%5D=%E2%9C%93
Completed 302 Found in 1ms (ActiveRecord: 0.0ms)


Started GET "/posts/new?post%5Baction%5D=create&post%5Bauthenticity_token%5D=wM0kUAuTuVVs64yO9C%2B2FgVExLWEkXYBL4fHjMvdHb%2FwXQBnEIZ1bXK7fKn5neP40gN03qULwt9kcGv5dkFKWg%3D%3D&post%5Bcommit%5D=Submit+Post&post%5Bcontroller%5D=posts&post%5Bdescription%5D=asdf&post%5Btitle%5D=Rails+Introduction+Quiz&post%5Butf8%5D=%E2%9C%93" for ::1 at 2015-12-30 20:41:12 -0600
Processing by PostsController#new as HTML
  Parameters: {"post"=>{"action"=>"create", "authenticity_token"=>"wM0kUAuTuVVs64yO9C+2FgVExLWEkXYBL4fHjMvdHb/wXQBnEIZ1bXK7fKn5neP40gN03qULwt9kcGv5dkFKWg==", "commit"=>"Submit Post", "controller"=>"posts", "description"=>"asdf", "title"=>"Rails Introduction Quiz", "utf8"=>"✓"}}
  Rendered posts/new.html.erb within layouts/application (0.3ms)
Completed 200 OK in 8ms (Views: 7.2ms | ActiveRecord: 0.0ms)


Started GET "/" for ::1 at 2017-09-03 19:05:44 -0400
  [1m[36mActiveRecord::SchemaMigration Load (12.1ms)[0m  [1mSELECT "schema_migrations".* FROM "schema_migrations"[0m
Processing by Rails::WelcomeController#index as HTML
  Rendered /Users/jennifervolpe/.rvm/gems/ruby-2.3.1/gems/railties-4.2.5/lib/rails/templates/rails/welcome/index.html.erb (2.2ms)
Completed 200 OK in 63ms (Views: 48.9ms | ActiveRecord: 0.0ms)


Started GET "/" for ::1 at 2017-09-03 19:05:45 -0400
Processing by Rails::WelcomeController#index as HTML
  Rendered /Users/jennifervolpe/.rvm/gems/ruby-2.3.1/gems/railties-4.2.5/lib/rails/templates/rails/welcome/index.html.erb (0.0ms)
Completed 200 OK in 3ms (Views: 2.2ms | ActiveRecord: 0.0ms)


Started GET "/posts" for ::1 at 2017-09-03 19:05:49 -0400
Processing by PostsController#index as HTML
  [1m[35mPost Load (35.5ms)[0m  SELECT "posts".* FROM "posts"
  Rendered posts/index.html.erb within layouts/application (37.2ms)
Completed 200 OK in 643ms (Views: 603.4ms | ActiveRecord: 35.7ms)


Started GET "/posts/new" for ::1 at 2017-09-03 19:08:11 -0400
Processing by PostsController#new as HTML
  Rendered posts/new.html.erb within layouts/application (0.7ms)
Completed 200 OK in 97ms (Views: 96.4ms | ActiveRecord: 0.0ms)


Started GET "/posts/new?post%5Btitle%5D=&post%5Bdescription%5D=" for ::1 at 2017-09-03 19:09:16 -0400
Processing by PostsController#new as HTML
  Parameters: {"post"=>{"title"=>"", "description"=>""}}
  Rendered posts/new.html.erb within layouts/application (0.2ms)
Completed 200 OK in 38ms (Views: 37.7ms | ActiveRecord: 0.0ms)


Started GET "/posts/new?post%5Btitle%5D=&post%5Bdescription%5D=" for ::1 at 2017-09-03 19:09:20 -0400
Processing by PostsController#new as HTML
  Parameters: {"post"=>{"title"=>"", "description"=>""}}
  Rendered posts/new.html.erb within layouts/application (0.1ms)
Completed 200 OK in 31ms (Views: 30.7ms | ActiveRecord: 0.0ms)


Started GET "/posts/new?post%5Btitle%5D=hello+&post%5Bdescription%5D=desc" for ::1 at 2017-09-03 19:09:26 -0400
Processing by PostsController#new as HTML
  Parameters: {"post"=>{"title"=>"hello ", "description"=>"desc"}}
  Rendered posts/new.html.erb within layouts/application (0.3ms)
Completed 200 OK in 29ms (Views: 28.0ms | ActiveRecord: 0.0ms)


Started GET "/posts/new?post%5Btitle%5D=hello+&post%5Bdescription%5D=desc" for ::1 at 2017-09-03 19:10:04 -0400
Processing by PostsController#new as HTML
  Parameters: {"post"=>{"title"=>"hello ", "description"=>"desc"}}
  Rendered posts/new.html.erb within layouts/application (0.7ms)
Completed 200 OK in 27ms (Views: 26.8ms | ActiveRecord: 0.0ms)


Started GET "/posts" for ::1 at 2017-09-03 19:10:07 -0400
Processing by PostsController#index as HTML
  [1m[36mPost Load (0.3ms)[0m  [1mSELECT "posts".* FROM "posts"[0m
  Rendered posts/index.html.erb within layouts/application (1.5ms)
Completed 200 OK in 35ms (Views: 34.4ms | ActiveRecord: 0.3ms)


Started GET "/posts/new" for ::1 at 2017-09-03 19:10:12 -0400
Processing by PostsController#new as HTML
  Rendered posts/new.html.erb within layouts/application (0.4ms)
Completed 200 OK in 15ms (Views: 14.2ms | ActiveRecord: 0.0ms)


Started GET "/posts/new?post%5Btitle%5D=title&post%5Bdescription%5D=desccc" for ::1 at 2017-09-03 19:10:17 -0400
Processing by PostsController#new as HTML
  Parameters: {"post"=>{"title"=>"title", "description"=>"desccc"}}
  Rendered posts/new.html.erb within layouts/application (0.2ms)
Completed 200 OK in 251ms (Views: 250.6ms | ActiveRecord: 0.0ms)


Started GET "/posts/new?post%5Btitle%5D=title&post%5Bdescription%5D=desccc" for ::1 at 2017-09-03 19:10:34 -0400
Processing by PostsController#new as HTML
  Parameters: {"post"=>{"title"=>"title", "description"=>"desccc"}}
  Rendered posts/new.html.erb within layouts/application (0.6ms)
Completed 200 OK in 16ms (Views: 15.5ms | ActiveRecord: 0.0ms)


Started GET "/posts/new" for ::1 at 2017-09-03 19:10:38 -0400
Processing by PostsController#new as HTML
  Rendered posts/new.html.erb within layouts/application (0.3ms)
Completed 200 OK in 17ms (Views: 16.1ms | ActiveRecord: 0.0ms)


Started POST "/posts" for ::1 at 2017-09-03 19:10:41 -0400

ActionController::RoutingError (No route matches [POST] "/posts"):
  actionpack (4.2.5) lib/action_dispatch/middleware/debug_exceptions.rb:21:in `call'
  web-console (2.3.0) lib/web_console/middleware.rb:28:in `block in call'
  web-console (2.3.0) lib/web_console/middleware.rb:18:in `catch'
  web-console (2.3.0) lib/web_console/middleware.rb:18:in `call'
  actionpack (4.2.5) lib/action_dispatch/middleware/show_exceptions.rb:30:in `call'
  railties (4.2.5) lib/rails/rack/logger.rb:38:in `call_app'
  railties (4.2.5) lib/rails/rack/logger.rb:20:in `block in call'
  activesupport (4.2.5) lib/active_support/tagged_logging.rb:68:in `block in tagged'
  activesupport (4.2.5) lib/active_support/tagged_logging.rb:26:in `tagged'
  activesupport (4.2.5) lib/active_support/tagged_logging.rb:68:in `tagged'
  railties (4.2.5) lib/rails/rack/logger.rb:20:in `call'
  actionpack (4.2.5) lib/action_dispatch/middleware/request_id.rb:21:in `call'
  rack (1.6.8) lib/rack/methodoverride.rb:22:in `call'
  rack (1.6.8) lib/rack/runtime.rb:18:in `call'
  activesupport (4.2.5) lib/active_support/cache/strategy/local_cache_middleware.rb:28:in `call'
  rack (1.6.8) lib/rack/lock.rb:17:in `call'
  actionpack (4.2.5) lib/action_dispatch/middleware/static.rb:116:in `call'
  rack (1.6.8) lib/rack/sendfile.rb:113:in `call'
  railties (4.2.5) lib/rails/engine.rb:518:in `call'
  railties (4.2.5) lib/rails/application.rb:165:in `call'
  rack (1.6.8) lib/rack/lock.rb:17:in `call'
  rack (1.6.8) lib/rack/content_length.rb:15:in `call'
  rack (1.6.8) lib/rack/handler/webrick.rb:88:in `service'
  /Users/jennifervolpe/.rvm/rubies/ruby-2.3.1/lib/ruby/2.3.0/webrick/httpserver.rb:140:in `service'
  /Users/jennifervolpe/.rvm/rubies/ruby-2.3.1/lib/ruby/2.3.0/webrick/httpserver.rb:96:in `run'
  /Users/jennifervolpe/.rvm/rubies/ruby-2.3.1/lib/ruby/2.3.0/webrick/server.rb:296:in `block in start_thread'


  Rendered /Users/jennifervolpe/.rvm/gems/ruby-2.3.1/gems/actionpack-4.2.5/lib/action_dispatch/middleware/templates/rescues/_trace.html.erb (2.0ms)
  Rendered /Users/jennifervolpe/.rvm/gems/ruby-2.3.1/gems/actionpack-4.2.5/lib/action_dispatch/middleware/templates/routes/_route.html.erb (1.4ms)
  Rendered /Users/jennifervolpe/.rvm/gems/ruby-2.3.1/gems/actionpack-4.2.5/lib/action_dispatch/middleware/templates/routes/_table.html.erb (37.1ms)
  Rendered /Users/jennifervolpe/.rvm/gems/ruby-2.3.1/gems/actionpack-4.2.5/lib/action_dispatch/middleware/templates/rescues/_request_and_response.html.erb (1.3ms)
  Rendered /Users/jennifervolpe/.rvm/gems/ruby-2.3.1/gems/actionpack-4.2.5/lib/action_dispatch/middleware/templates/rescues/routing_error.html.erb within rescues/layout (153.0ms)
  Rendered /Users/jennifervolpe/.rvm/gems/ruby-2.3.1/gems/web-console-2.3.0/lib/web_console/templates/_markup.html.erb (0.7ms)
  Rendered /Users/jennifervolpe/.rvm/gems/ruby-2.3.1/gems/web-console-2.3.0/lib/web_console/templates/_inner_console_markup.html.erb within layouts/inlined_string (0.5ms)
  Rendered /Users/jennifervolpe/.rvm/gems/ruby-2.3.1/gems/web-console-2.3.0/lib/web_console/templates/_prompt_box_markup.html.erb within layouts/inlined_string (0.4ms)
  Rendered /Users/jennifervolpe/.rvm/gems/ruby-2.3.1/gems/web-console-2.3.0/lib/web_console/templates/style.css.erb within layouts/inlined_string (0.4ms)
  Rendered /Users/jennifervolpe/.rvm/gems/ruby-2.3.1/gems/web-console-2.3.0/lib/web_console/templates/console.js.erb within layouts/javascript (118.1ms)
  Rendered /Users/jennifervolpe/.rvm/gems/ruby-2.3.1/gems/web-console-2.3.0/lib/web_console/templates/main.js.erb within layouts/javascript (0.3ms)
  Rendered /Users/jennifervolpe/.rvm/gems/ruby-2.3.1/gems/web-console-2.3.0/lib/web_console/templates/error_page.js.erb within layouts/javascript (0.8ms)
  Rendered /Users/jennifervolpe/.rvm/gems/ruby-2.3.1/gems/web-console-2.3.0/lib/web_console/templates/index.html.erb (198.4ms)


Started GET "/posts" for ::1 at 2017-09-03 19:11:00 -0400
Processing by PostsController#index as HTML
  [1m[35mPost Load (0.6ms)[0m  SELECT "posts".* FROM "posts"
  Rendered posts/index.html.erb within layouts/application (1.7ms)
Completed 200 OK in 19ms (Views: 16.4ms | ActiveRecord: 0.7ms)


Started GET "/posts/new" for ::1 at 2017-09-03 19:11:03 -0400
Processing by PostsController#new as HTML
  Rendered posts/new.html.erb within layouts/application (0.4ms)
Completed 200 OK in 14ms (Views: 13.9ms | ActiveRecord: 0.0ms)


Started POST "/posts" for ::1 at 2017-09-03 19:11:08 -0400

AbstractController::ActionNotFound (The action 'create' could not be found for PostsController):
  actionpack (4.2.5) lib/abstract_controller/base.rb:132:in `process'
  actionview (4.2.5) lib/action_view/rendering.rb:30:in `process'
  actionpack (4.2.5) lib/action_controller/metal.rb:196:in `dispatch'
  actionpack (4.2.5) lib/action_controller/metal/rack_delegation.rb:13:in `dispatch'
  actionpack (4.2.5) lib/action_controller/metal.rb:237:in `block in action'
  actionpack (4.2.5) lib/action_dispatch/routing/route_set.rb:76:in `dispatch'
  actionpack (4.2.5) lib/action_dispatch/routing/route_set.rb:45:in `serve'
  actionpack (4.2.5) lib/action_dispatch/journey/router.rb:43:in `block in serve'
  actionpack (4.2.5) lib/action_dispatch/journey/router.rb:30:in `each'
  actionpack (4.2.5) lib/action_dispatch/journey/router.rb:30:in `serve'
  actionpack (4.2.5) lib/action_dispatch/routing/route_set.rb:817:in `call'
  rack (1.6.8) lib/rack/etag.rb:24:in `call'
  rack (1.6.8) lib/rack/conditionalget.rb:38:in `call'
  rack (1.6.8) lib/rack/head.rb:13:in `call'
  actionpack (4.2.5) lib/action_dispatch/middleware/params_parser.rb:27:in `call'
  actionpack (4.2.5) lib/action_dispatch/middleware/flash.rb:260:in `call'
  rack (1.6.8) lib/rack/session/abstract/id.rb:225:in `context'
  rack (1.6.8) lib/rack/session/abstract/id.rb:220:in `call'
  actionpack (4.2.5) lib/action_dispatch/middleware/cookies.rb:560:in `call'
  activerecord (4.2.5) lib/active_record/query_cache.rb:36:in `call'
  activerecord (4.2.5) lib/active_record/connection_adapters/abstract/connection_pool.rb:653:in `call'
  activerecord (4.2.5) lib/active_record/migration.rb:377:in `call'
  actionpack (4.2.5) lib/action_dispatch/middleware/callbacks.rb:29:in `block in call'
  activesupport (4.2.5) lib/active_support/callbacks.rb:88:in `__run_callbacks__'
  activesupport (4.2.5) lib/active_support/callbacks.rb:778:in `_run_call_callbacks'
  activesupport (4.2.5) lib/active_support/callbacks.rb:81:in `run_callbacks'
  actionpack (4.2.5) lib/action_dispatch/middleware/callbacks.rb:27:in `call'
  actionpack (4.2.5) lib/action_dispatch/middleware/reloader.rb:73:in `call'
  actionpack (4.2.5) lib/action_dispatch/middleware/remote_ip.rb:78:in `call'
  actionpack (4.2.5) lib/action_dispatch/middleware/debug_exceptions.rb:17:in `call'
  web-console (2.3.0) lib/web_console/middleware.rb:28:in `block in call'
  web-console (2.3.0) lib/web_console/middleware.rb:18:in `catch'
  web-console (2.3.0) lib/web_console/middleware.rb:18:in `call'
  actionpack (4.2.5) lib/action_dispatch/middleware/show_exceptions.rb:30:in `call'
  railties (4.2.5) lib/rails/rack/logger.rb:38:in `call_app'
  railties (4.2.5) lib/rails/rack/logger.rb:20:in `block in call'
  activesupport (4.2.5) lib/active_support/tagged_logging.rb:68:in `block in tagged'
  activesupport (4.2.5) lib/active_support/tagged_logging.rb:26:in `tagged'
  activesupport (4.2.5) lib/active_support/tagged_logging.rb:68:in `tagged'
  railties (4.2.5) lib/rails/rack/logger.rb:20:in `call'
  actionpack (4.2.5) lib/action_dispatch/middleware/request_id.rb:21:in `call'
  rack (1.6.8) lib/rack/methodoverride.rb:22:in `call'
  rack (1.6.8) lib/rack/runtime.rb:18:in `call'
  activesupport (4.2.5) lib/active_support/cache/strategy/local_cache_middleware.rb:28:in `call'
  rack (1.6.8) lib/rack/lock.rb:17:in `call'
  actionpack (4.2.5) lib/action_dispatch/middleware/static.rb:116:in `call'
  rack (1.6.8) lib/rack/sendfile.rb:113:in `call'
  railties (4.2.5) lib/rails/engine.rb:518:in `call'
  railties (4.2.5) lib/rails/application.rb:165:in `call'
  rack (1.6.8) lib/rack/lock.rb:17:in `call'
  rack (1.6.8) lib/rack/content_length.rb:15:in `call'
  rack (1.6.8) lib/rack/handler/webrick.rb:88:in `service'
  /Users/jennifervolpe/.rvm/rubies/ruby-2.3.1/lib/ruby/2.3.0/webrick/httpserver.rb:140:in `service'
  /Users/jennifervolpe/.rvm/rubies/ruby-2.3.1/lib/ruby/2.3.0/webrick/httpserver.rb:96:in `run'
  /Users/jennifervolpe/.rvm/rubies/ruby-2.3.1/lib/ruby/2.3.0/webrick/server.rb:296:in `block in start_thread'


  Rendered /Users/jennifervolpe/.rvm/gems/ruby-2.3.1/gems/actionpack-4.2.5/lib/action_dispatch/middleware/templates/rescues/unknown_action.html.erb within rescues/layout (1.0ms)
  Rendered /Users/jennifervolpe/.rvm/gems/ruby-2.3.1/gems/web-console-2.3.0/lib/web_console/templates/_markup.html.erb (0.5ms)
  Rendered /Users/jennifervolpe/.rvm/gems/ruby-2.3.1/gems/web-console-2.3.0/lib/web_console/templates/_inner_console_markup.html.erb within layouts/inlined_string (0.4ms)
  Rendered /Users/jennifervolpe/.rvm/gems/ruby-2.3.1/gems/web-console-2.3.0/lib/web_console/templates/_prompt_box_markup.html.erb within layouts/inlined_string (0.4ms)
  Rendered /Users/jennifervolpe/.rvm/gems/ruby-2.3.1/gems/web-console-2.3.0/lib/web_console/templates/style.css.erb within layouts/inlined_string (0.6ms)
  Rendered /Users/jennifervolpe/.rvm/gems/ruby-2.3.1/gems/web-console-2.3.0/lib/web_console/templates/console.js.erb within layouts/javascript (62.0ms)
  Rendered /Users/jennifervolpe/.rvm/gems/ruby-2.3.1/gems/web-console-2.3.0/lib/web_console/templates/main.js.erb within layouts/javascript (0.4ms)
  Rendered /Users/jennifervolpe/.rvm/gems/ruby-2.3.1/gems/web-console-2.3.0/lib/web_console/templates/error_page.js.erb within layouts/javascript (0.5ms)
  Rendered /Users/jennifervolpe/.rvm/gems/ruby-2.3.1/gems/web-console-2.3.0/lib/web_console/templates/index.html.erb (136.8ms)


Started GET "/posts" for ::1 at 2017-09-03 19:12:26 -0400
Processing by PostsController#index as HTML
  [1m[36mPost Load (13.6ms)[0m  [1mSELECT "posts".* FROM "posts"[0m
  Rendered posts/index.html.erb within layouts/application (15.1ms)
Completed 200 OK in 53ms (Views: 35.2ms | ActiveRecord: 13.9ms)


Started GET "/posts/new" for ::1 at 2017-09-03 19:12:29 -0400
Processing by PostsController#new as HTML
  Rendered posts/new.html.erb within layouts/application (0.2ms)
Completed 200 OK in 15ms (Views: 14.2ms | ActiveRecord: 0.0ms)


Started POST "/posts" for ::1 at 2017-09-03 19:12:33 -0400
Processing by PostsController#create as HTML
  Parameters: {"post"=>{"title"=>"new title", "description"=>"des"}}
Can't verify CSRF token authenticity
Completed 422 Unprocessable Entity in 1ms (ActiveRecord: 0.0ms)

ActionController::InvalidAuthenticityToken (ActionController::InvalidAuthenticityToken):
  actionpack (4.2.5) lib/action_controller/metal/request_forgery_protection.rb:181:in `handle_unverified_request'
  actionpack (4.2.5) lib/action_controller/metal/request_forgery_protection.rb:209:in `handle_unverified_request'
  actionpack (4.2.5) lib/action_controller/metal/request_forgery_protection.rb:204:in `verify_authenticity_token'
  activesupport (4.2.5) lib/active_support/callbacks.rb:432:in `block in make_lambda'
  activesupport (4.2.5) lib/active_support/callbacks.rb:164:in `block in halting'
  activesupport (4.2.5) lib/active_support/callbacks.rb:504:in `block in call'
  activesupport (4.2.5) lib/active_support/callbacks.rb:504:in `each'
  activesupport (4.2.5) lib/active_support/callbacks.rb:504:in `call'
  activesupport (4.2.5) lib/active_support/callbacks.rb:92:in `__run_callbacks__'
  activesupport (4.2.5) lib/active_support/callbacks.rb:778:in `_run_process_action_callbacks'
  activesupport (4.2.5) lib/active_support/callbacks.rb:81:in `run_callbacks'
  actionpack (4.2.5) lib/abstract_controller/callbacks.rb:19:in `process_action'
  actionpack (4.2.5) lib/action_controller/metal/rescue.rb:29:in `process_action'
  actionpack (4.2.5) lib/action_controller/metal/instrumentation.rb:32:in `block in process_action'
  activesupport (4.2.5) lib/active_support/notifications.rb:164:in `block in instrument'
  activesupport (4.2.5) lib/active_support/notifications/instrumenter.rb:20:in `instrument'
  activesupport (4.2.5) lib/active_support/notifications.rb:164:in `instrument'
  actionpack (4.2.5) lib/action_controller/metal/instrumentation.rb:30:in `process_action'
  actionpack (4.2.5) lib/action_controller/metal/params_wrapper.rb:250:in `process_action'
  activerecord (4.2.5) lib/active_record/railties/controller_runtime.rb:18:in `process_action'
  actionpack (4.2.5) lib/abstract_controller/base.rb:137:in `process'
  actionview (4.2.5) lib/action_view/rendering.rb:30:in `process'
  actionpack (4.2.5) lib/action_controller/metal.rb:196:in `dispatch'
  actionpack (4.2.5) lib/action_controller/metal/rack_delegation.rb:13:in `dispatch'
  actionpack (4.2.5) lib/action_controller/metal.rb:237:in `block in action'
  actionpack (4.2.5) lib/action_dispatch/routing/route_set.rb:76:in `dispatch'
  actionpack (4.2.5) lib/action_dispatch/routing/route_set.rb:45:in `serve'
  actionpack (4.2.5) lib/action_dispatch/journey/router.rb:43:in `block in serve'
  actionpack (4.2.5) lib/action_dispatch/journey/router.rb:30:in `each'
  actionpack (4.2.5) lib/action_dispatch/journey/router.rb:30:in `serve'
  actionpack (4.2.5) lib/action_dispatch/routing/route_set.rb:817:in `call'
  rack (1.6.8) lib/rack/etag.rb:24:in `call'
  rack (1.6.8) lib/rack/conditionalget.rb:38:in `call'
  rack (1.6.8) lib/rack/head.rb:13:in `call'
  actionpack (4.2.5) lib/action_dispatch/middleware/params_parser.rb:27:in `call'
  actionpack (4.2.5) lib/action_dispatch/middleware/flash.rb:260:in `call'
  rack (1.6.8) lib/rack/session/abstract/id.rb:225:in `context'
  rack (1.6.8) lib/rack/session/abstract/id.rb:220:in `call'
  actionpack (4.2.5) lib/action_dispatch/middleware/cookies.rb:560:in `call'
  activerecord (4.2.5) lib/active_record/query_cache.rb:36:in `call'
  activerecord (4.2.5) lib/active_record/connection_adapters/abstract/connection_pool.rb:653:in `call'
  activerecord (4.2.5) lib/active_record/migration.rb:377:in `call'
  actionpack (4.2.5) lib/action_dispatch/middleware/callbacks.rb:29:in `block in call'
  activesupport (4.2.5) lib/active_support/callbacks.rb:88:in `__run_callbacks__'
  activesupport (4.2.5) lib/active_support/callbacks.rb:778:in `_run_call_callbacks'
  activesupport (4.2.5) lib/active_support/callbacks.rb:81:in `run_callbacks'
  actionpack (4.2.5) lib/action_dispatch/middleware/callbacks.rb:27:in `call'
  actionpack (4.2.5) lib/action_dispatch/middleware/reloader.rb:73:in `call'
  actionpack (4.2.5) lib/action_dispatch/middleware/remote_ip.rb:78:in `call'
  actionpack (4.2.5) lib/action_dispatch/middleware/debug_exceptions.rb:17:in `call'
  web-console (2.3.0) lib/web_console/middleware.rb:28:in `block in call'
  web-console (2.3.0) lib/web_console/middleware.rb:18:in `catch'
  web-console (2.3.0) lib/web_console/middleware.rb:18:in `call'
  actionpack (4.2.5) lib/action_dispatch/middleware/show_exceptions.rb:30:in `call'
  railties (4.2.5) lib/rails/rack/logger.rb:38:in `call_app'
  railties (4.2.5) lib/rails/rack/logger.rb:20:in `block in call'
  activesupport (4.2.5) lib/active_support/tagged_logging.rb:68:in `block in tagged'
  activesupport (4.2.5) lib/active_support/tagged_logging.rb:26:in `tagged'
  activesupport (4.2.5) lib/active_support/tagged_logging.rb:68:in `tagged'
  railties (4.2.5) lib/rails/rack/logger.rb:20:in `call'
  actionpack (4.2.5) lib/action_dispatch/middleware/request_id.rb:21:in `call'
  rack (1.6.8) lib/rack/methodoverride.rb:22:in `call'
  rack (1.6.8) lib/rack/runtime.rb:18:in `call'
  activesupport (4.2.5) lib/active_support/cache/strategy/local_cache_middleware.rb:28:in `call'
  rack (1.6.8) lib/rack/lock.rb:17:in `call'
  actionpack (4.2.5) lib/action_dispatch/middleware/static.rb:116:in `call'
  rack (1.6.8) lib/rack/sendfile.rb:113:in `call'
  railties (4.2.5) lib/rails/engine.rb:518:in `call'
  railties (4.2.5) lib/rails/application.rb:165:in `call'
  rack (1.6.8) lib/rack/lock.rb:17:in `call'
  rack (1.6.8) lib/rack/content_length.rb:15:in `call'
  rack (1.6.8) lib/rack/handler/webrick.rb:88:in `service'
  /Users/jennifervolpe/.rvm/rubies/ruby-2.3.1/lib/ruby/2.3.0/webrick/httpserver.rb:140:in `service'
  /Users/jennifervolpe/.rvm/rubies/ruby-2.3.1/lib/ruby/2.3.0/webrick/httpserver.rb:96:in `run'
  /Users/jennifervolpe/.rvm/rubies/ruby-2.3.1/lib/ruby/2.3.0/webrick/server.rb:296:in `block in start_thread'


  Rendered /Users/jennifervolpe/.rvm/gems/ruby-2.3.1/gems/actionpack-4.2.5/lib/action_dispatch/middleware/templates/rescues/_source.erb (6.1ms)
  Rendered /Users/jennifervolpe/.rvm/gems/ruby-2.3.1/gems/actionpack-4.2.5/lib/action_dispatch/middleware/templates/rescues/_trace.html.erb (3.4ms)
  Rendered /Users/jennifervolpe/.rvm/gems/ruby-2.3.1/gems/actionpack-4.2.5/lib/action_dispatch/middleware/templates/rescues/_request_and_response.html.erb (1.3ms)
  Rendered /Users/jennifervolpe/.rvm/gems/ruby-2.3.1/gems/actionpack-4.2.5/lib/action_dispatch/middleware/templates/rescues/diagnostics.html.erb within rescues/layout (78.0ms)
  Rendered /Users/jennifervolpe/.rvm/gems/ruby-2.3.1/gems/web-console-2.3.0/lib/web_console/templates/_markup.html.erb (0.5ms)
  Rendered /Users/jennifervolpe/.rvm/gems/ruby-2.3.1/gems/web-console-2.3.0/lib/web_console/templates/_inner_console_markup.html.erb within layouts/inlined_string (0.9ms)
  Rendered /Users/jennifervolpe/.rvm/gems/ruby-2.3.1/gems/web-console-2.3.0/lib/web_console/templates/_prompt_box_markup.html.erb within layouts/inlined_string (0.5ms)
  Rendered /Users/jennifervolpe/.rvm/gems/ruby-2.3.1/gems/web-console-2.3.0/lib/web_console/templates/style.css.erb within layouts/inlined_string (0.4ms)
  Rendered /Users/jennifervolpe/.rvm/gems/ruby-2.3.1/gems/web-console-2.3.0/lib/web_console/templates/console.js.erb within layouts/javascript (61.5ms)
  Rendered /Users/jennifervolpe/.rvm/gems/ruby-2.3.1/gems/web-console-2.3.0/lib/web_console/templates/main.js.erb within layouts/javascript (0.3ms)
  Rendered /Users/jennifervolpe/.rvm/gems/ruby-2.3.1/gems/web-console-2.3.0/lib/web_console/templates/error_page.js.erb within layouts/javascript (0.5ms)
  Rendered /Users/jennifervolpe/.rvm/gems/ruby-2.3.1/gems/web-console-2.3.0/lib/web_console/templates/index.html.erb (134.0ms)


Started GET "/posts/new" for ::1 at 2017-09-03 19:14:27 -0400
Processing by PostsController#new as HTML
  Rendered posts/new.html.erb within layouts/application (0.8ms)
Completed 200 OK in 70ms (Views: 69.1ms | ActiveRecord: 0.0ms)


Started POST "/posts" for ::1 at 2017-09-03 19:14:31 -0400
Processing by PostsController#create as HTML
  Parameters: {"post"=>{"title"=>"m title", "description"=>"frgw"}, "authenticity_token"=>"V9V5WTPz3SrFiCmek7u7x6JTLzShYKS1ipjOfV2VKqDErKPtIRlbo5gZcXBpM98eWFTYFcaroshAO1Hu58xMaw=="}
  [1m[35m (0.1ms)[0m  begin transaction
  [1m[36mSQL (11.2ms)[0m  [1mINSERT INTO "posts" ("title", "description", "created_at", "updated_at") VALUES (?, ?, ?, ?)[0m  [["title", "m title"], ["description", "frgw"], ["created_at", "2017-09-03 23:14:31.652188"], ["updated_at", "2017-09-03 23:14:31.652188"]]
  [1m[35m (2.7ms)[0m  commit transaction
Redirected to http://localhost:3000/posts
Completed 302 Found in 535ms (ActiveRecord: 14.2ms)


Started GET "/posts" for ::1 at 2017-09-03 19:14:31 -0400
Processing by PostsController#index as HTML
  [1m[36mPost Load (0.2ms)[0m  [1mSELECT "posts".* FROM "posts"[0m
  Rendered posts/index.html.erb within layouts/application (0.8ms)
Completed 200 OK in 38ms (Views: 36.9ms | ActiveRecord: 0.2ms)


Started GET "/" for ::1 at 2017-09-03 19:14:45 -0400
Processing by Rails::WelcomeController#index as HTML
  Rendered /Users/jennifervolpe/.rvm/gems/ruby-2.3.1/gems/railties-4.2.5/lib/rails/templates/rails/welcome/index.html.erb (0.1ms)
Completed 200 OK in 36ms (Views: 35.1ms | ActiveRecord: 0.0ms)


Started GET "/new" for ::1 at 2017-09-03 19:14:49 -0400

ActionController::RoutingError (No route matches [GET] "/new"):
  actionpack (4.2.5) lib/action_dispatch/middleware/debug_exceptions.rb:21:in `call'
  web-console (2.3.0) lib/web_console/middleware.rb:28:in `block in call'
  web-console (2.3.0) lib/web_console/middleware.rb:18:in `catch'
  web-console (2.3.0) lib/web_console/middleware.rb:18:in `call'
  actionpack (4.2.5) lib/action_dispatch/middleware/show_exceptions.rb:30:in `call'
  railties (4.2.5) lib/rails/rack/logger.rb:38:in `call_app'
  railties (4.2.5) lib/rails/rack/logger.rb:20:in `block in call'
  activesupport (4.2.5) lib/active_support/tagged_logging.rb:68:in `block in tagged'
  activesupport (4.2.5) lib/active_support/tagged_logging.rb:26:in `tagged'
  activesupport (4.2.5) lib/active_support/tagged_logging.rb:68:in `tagged'
  railties (4.2.5) lib/rails/rack/logger.rb:20:in `call'
  actionpack (4.2.5) lib/action_dispatch/middleware/request_id.rb:21:in `call'
  rack (1.6.8) lib/rack/methodoverride.rb:22:in `call'
  rack (1.6.8) lib/rack/runtime.rb:18:in `call'
  activesupport (4.2.5) lib/active_support/cache/strategy/local_cache_middleware.rb:28:in `call'
  rack (1.6.8) lib/rack/lock.rb:17:in `call'
  actionpack (4.2.5) lib/action_dispatch/middleware/static.rb:116:in `call'
  rack (1.6.8) lib/rack/sendfile.rb:113:in `call'
  railties (4.2.5) lib/rails/engine.rb:518:in `call'
  railties (4.2.5) lib/rails/application.rb:165:in `call'
  rack (1.6.8) lib/rack/lock.rb:17:in `call'
  rack (1.6.8) lib/rack/content_length.rb:15:in `call'
  rack (1.6.8) lib/rack/handler/webrick.rb:88:in `service'
  /Users/jennifervolpe/.rvm/rubies/ruby-2.3.1/lib/ruby/2.3.0/webrick/httpserver.rb:140:in `service'
  /Users/jennifervolpe/.rvm/rubies/ruby-2.3.1/lib/ruby/2.3.0/webrick/httpserver.rb:96:in `run'
  /Users/jennifervolpe/.rvm/rubies/ruby-2.3.1/lib/ruby/2.3.0/webrick/server.rb:296:in `block in start_thread'


  Rendered /Users/jennifervolpe/.rvm/gems/ruby-2.3.1/gems/actionpack-4.2.5/lib/action_dispatch/middleware/templates/rescues/_trace.html.erb (1.8ms)
  Rendered /Users/jennifervolpe/.rvm/gems/ruby-2.3.1/gems/actionpack-4.2.5/lib/action_dispatch/middleware/templates/routes/_route.html.erb (1.3ms)
  Rendered /Users/jennifervolpe/.rvm/gems/ruby-2.3.1/gems/actionpack-4.2.5/lib/action_dispatch/middleware/templates/routes/_table.html.erb (2.3ms)
  Rendered /Users/jennifervolpe/.rvm/gems/ruby-2.3.1/gems/actionpack-4.2.5/lib/action_dispatch/middleware/templates/rescues/_request_and_response.html.erb (1.4ms)
  Rendered /Users/jennifervolpe/.rvm/gems/ruby-2.3.1/gems/actionpack-4.2.5/lib/action_dispatch/middleware/templates/rescues/routing_error.html.erb within rescues/layout (96.1ms)
  Rendered /Users/jennifervolpe/.rvm/gems/ruby-2.3.1/gems/web-console-2.3.0/lib/web_console/templates/_markup.html.erb (0.5ms)
  Rendered /Users/jennifervolpe/.rvm/gems/ruby-2.3.1/gems/web-console-2.3.0/lib/web_console/templates/_inner_console_markup.html.erb within layouts/inlined_string (0.5ms)
  Rendered /Users/jennifervolpe/.rvm/gems/ruby-2.3.1/gems/web-console-2.3.0/lib/web_console/templates/_prompt_box_markup.html.erb within layouts/inlined_string (0.4ms)
  Rendered /Users/jennifervolpe/.rvm/gems/ruby-2.3.1/gems/web-console-2.3.0/lib/web_console/templates/style.css.erb within layouts/inlined_string (0.4ms)
  Rendered /Users/jennifervolpe/.rvm/gems/ruby-2.3.1/gems/web-console-2.3.0/lib/web_console/templates/console.js.erb within layouts/javascript (61.3ms)
  Rendered /Users/jennifervolpe/.rvm/gems/ruby-2.3.1/gems/web-console-2.3.0/lib/web_console/templates/main.js.erb within layouts/javascript (0.4ms)
  Rendered /Users/jennifervolpe/.rvm/gems/ruby-2.3.1/gems/web-console-2.3.0/lib/web_console/templates/error_page.js.erb within layouts/javascript (0.5ms)
  Rendered /Users/jennifervolpe/.rvm/gems/ruby-2.3.1/gems/web-console-2.3.0/lib/web_console/templates/index.html.erb (136.6ms)


Started GET "/new" for ::1 at 2017-09-03 19:16:46 -0400

ActionController::RoutingError (No route matches [GET] "/new"):
  actionpack (4.2.5) lib/action_dispatch/middleware/debug_exceptions.rb:21:in `call'
  web-console (2.3.0) lib/web_console/middleware.rb:28:in `block in call'
  web-console (2.3.0) lib/web_console/middleware.rb:18:in `catch'
  web-console (2.3.0) lib/web_console/middleware.rb:18:in `call'
  actionpack (4.2.5) lib/action_dispatch/middleware/show_exceptions.rb:30:in `call'
  railties (4.2.5) lib/rails/rack/logger.rb:38:in `call_app'
  railties (4.2.5) lib/rails/rack/logger.rb:20:in `block in call'
  activesupport (4.2.5) lib/active_support/tagged_logging.rb:68:in `block in tagged'
  activesupport (4.2.5) lib/active_support/tagged_logging.rb:26:in `tagged'
  activesupport (4.2.5) lib/active_support/tagged_logging.rb:68:in `tagged'
  railties (4.2.5) lib/rails/rack/logger.rb:20:in `call'
  actionpack (4.2.5) lib/action_dispatch/middleware/request_id.rb:21:in `call'
  rack (1.6.8) lib/rack/methodoverride.rb:22:in `call'
  rack (1.6.8) lib/rack/runtime.rb:18:in `call'
  activesupport (4.2.5) lib/active_support/cache/strategy/local_cache_middleware.rb:28:in `call'
  rack (1.6.8) lib/rack/lock.rb:17:in `call'
  actionpack (4.2.5) lib/action_dispatch/middleware/static.rb:116:in `call'
  rack (1.6.8) lib/rack/sendfile.rb:113:in `call'
  railties (4.2.5) lib/rails/engine.rb:518:in `call'
  railties (4.2.5) lib/rails/application.rb:165:in `call'
  rack (1.6.8) lib/rack/lock.rb:17:in `call'
  rack (1.6.8) lib/rack/content_length.rb:15:in `call'
  rack (1.6.8) lib/rack/handler/webrick.rb:88:in `service'
  /Users/jennifervolpe/.rvm/rubies/ruby-2.3.1/lib/ruby/2.3.0/webrick/httpserver.rb:140:in `service'
  /Users/jennifervolpe/.rvm/rubies/ruby-2.3.1/lib/ruby/2.3.0/webrick/httpserver.rb:96:in `run'
  /Users/jennifervolpe/.rvm/rubies/ruby-2.3.1/lib/ruby/2.3.0/webrick/server.rb:296:in `block in start_thread'


  Rendered /Users/jennifervolpe/.rvm/gems/ruby-2.3.1/gems/actionpack-4.2.5/lib/action_dispatch/middleware/templates/rescues/_trace.html.erb (1.8ms)
  Rendered /Users/jennifervolpe/.rvm/gems/ruby-2.3.1/gems/actionpack-4.2.5/lib/action_dispatch/middleware/templates/routes/_route.html.erb (1.3ms)
  Rendered /Users/jennifervolpe/.rvm/gems/ruby-2.3.1/gems/actionpack-4.2.5/lib/action_dispatch/middleware/templates/routes/_table.html.erb (2.6ms)
  Rendered /Users/jennifervolpe/.rvm/gems/ruby-2.3.1/gems/actionpack-4.2.5/lib/action_dispatch/middleware/templates/rescues/_request_and_response.html.erb (1.2ms)
  Rendered /Users/jennifervolpe/.rvm/gems/ruby-2.3.1/gems/actionpack-4.2.5/lib/action_dispatch/middleware/templates/rescues/routing_error.html.erb within rescues/layout (101.5ms)
  Rendered /Users/jennifervolpe/.rvm/gems/ruby-2.3.1/gems/web-console-2.3.0/lib/web_console/templates/_markup.html.erb (0.5ms)
  Rendered /Users/jennifervolpe/.rvm/gems/ruby-2.3.1/gems/web-console-2.3.0/lib/web_console/templates/_inner_console_markup.html.erb within layouts/inlined_string (0.4ms)
  Rendered /Users/jennifervolpe/.rvm/gems/ruby-2.3.1/gems/web-console-2.3.0/lib/web_console/templates/_prompt_box_markup.html.erb within layouts/inlined_string (0.4ms)
  Rendered /Users/jennifervolpe/.rvm/gems/ruby-2.3.1/gems/web-console-2.3.0/lib/web_console/templates/style.css.erb within layouts/inlined_string (0.5ms)
  Rendered /Users/jennifervolpe/.rvm/gems/ruby-2.3.1/gems/web-console-2.3.0/lib/web_console/templates/console.js.erb within layouts/javascript (62.0ms)
  Rendered /Users/jennifervolpe/.rvm/gems/ruby-2.3.1/gems/web-console-2.3.0/lib/web_console/templates/main.js.erb within layouts/javascript (0.4ms)
  Rendered /Users/jennifervolpe/.rvm/gems/ruby-2.3.1/gems/web-console-2.3.0/lib/web_console/templates/error_page.js.erb within layouts/javascript (0.5ms)
  Rendered /Users/jennifervolpe/.rvm/gems/ruby-2.3.1/gems/web-console-2.3.0/lib/web_console/templates/index.html.erb (136.6ms)


Started GET "/new" for ::1 at 2017-09-03 19:16:49 -0400

ActionController::RoutingError (No route matches [GET] "/new"):
  actionpack (4.2.5) lib/action_dispatch/middleware/debug_exceptions.rb:21:in `call'
  web-console (2.3.0) lib/web_console/middleware.rb:28:in `block in call'
  web-console (2.3.0) lib/web_console/middleware.rb:18:in `catch'
  web-console (2.3.0) lib/web_console/middleware.rb:18:in `call'
  actionpack (4.2.5) lib/action_dispatch/middleware/show_exceptions.rb:30:in `call'
  railties (4.2.5) lib/rails/rack/logger.rb:38:in `call_app'
  railties (4.2.5) lib/rails/rack/logger.rb:20:in `block in call'
  activesupport (4.2.5) lib/active_support/tagged_logging.rb:68:in `block in tagged'
  activesupport (4.2.5) lib/active_support/tagged_logging.rb:26:in `tagged'
  activesupport (4.2.5) lib/active_support/tagged_logging.rb:68:in `tagged'
  railties (4.2.5) lib/rails/rack/logger.rb:20:in `call'
  actionpack (4.2.5) lib/action_dispatch/middleware/request_id.rb:21:in `call'
  rack (1.6.8) lib/rack/methodoverride.rb:22:in `call'
  rack (1.6.8) lib/rack/runtime.rb:18:in `call'
  activesupport (4.2.5) lib/active_support/cache/strategy/local_cache_middleware.rb:28:in `call'
  rack (1.6.8) lib/rack/lock.rb:17:in `call'
  actionpack (4.2.5) lib/action_dispatch/middleware/static.rb:116:in `call'
  rack (1.6.8) lib/rack/sendfile.rb:113:in `call'
  railties (4.2.5) lib/rails/engine.rb:518:in `call'
  railties (4.2.5) lib/rails/application.rb:165:in `call'
  rack (1.6.8) lib/rack/lock.rb:17:in `call'
  rack (1.6.8) lib/rack/content_length.rb:15:in `call'
  rack (1.6.8) lib/rack/handler/webrick.rb:88:in `service'
  /Users/jennifervolpe/.rvm/rubies/ruby-2.3.1/lib/ruby/2.3.0/webrick/httpserver.rb:140:in `service'
  /Users/jennifervolpe/.rvm/rubies/ruby-2.3.1/lib/ruby/2.3.0/webrick/httpserver.rb:96:in `run'
  /Users/jennifervolpe/.rvm/rubies/ruby-2.3.1/lib/ruby/2.3.0/webrick/server.rb:296:in `block in start_thread'


  Rendered /Users/jennifervolpe/.rvm/gems/ruby-2.3.1/gems/actionpack-4.2.5/lib/action_dispatch/middleware/templates/rescues/_trace.html.erb (1.4ms)
  Rendered /Users/jennifervolpe/.rvm/gems/ruby-2.3.1/gems/actionpack-4.2.5/lib/action_dispatch/middleware/templates/routes/_route.html.erb (0.7ms)
  Rendered /Users/jennifervolpe/.rvm/gems/ruby-2.3.1/gems/actionpack-4.2.5/lib/action_dispatch/middleware/templates/routes/_table.html.erb (1.8ms)
  Rendered /Users/jennifervolpe/.rvm/gems/ruby-2.3.1/gems/actionpack-4.2.5/lib/action_dispatch/middleware/templates/rescues/_request_and_response.html.erb (1.2ms)
  Rendered /Users/jennifervolpe/.rvm/gems/ruby-2.3.1/gems/actionpack-4.2.5/lib/action_dispatch/middleware/templates/rescues/routing_error.html.erb within rescues/layout (86.9ms)
  Rendered /Users/jennifervolpe/.rvm/gems/ruby-2.3.1/gems/web-console-2.3.0/lib/web_console/templates/_markup.html.erb (0.4ms)
  Rendered /Users/jennifervolpe/.rvm/gems/ruby-2.3.1/gems/web-console-2.3.0/lib/web_console/templates/_inner_console_markup.html.erb within layouts/inlined_string (0.4ms)
  Rendered /Users/jennifervolpe/.rvm/gems/ruby-2.3.1/gems/web-console-2.3.0/lib/web_console/templates/_prompt_box_markup.html.erb within layouts/inlined_string (0.3ms)
  Rendered /Users/jennifervolpe/.rvm/gems/ruby-2.3.1/gems/web-console-2.3.0/lib/web_console/templates/style.css.erb within layouts/inlined_string (0.4ms)
  Rendered /Users/jennifervolpe/.rvm/gems/ruby-2.3.1/gems/web-console-2.3.0/lib/web_console/templates/console.js.erb within layouts/javascript (56.3ms)
  Rendered /Users/jennifervolpe/.rvm/gems/ruby-2.3.1/gems/web-console-2.3.0/lib/web_console/templates/main.js.erb within layouts/javascript (0.6ms)
  Rendered /Users/jennifervolpe/.rvm/gems/ruby-2.3.1/gems/web-console-2.3.0/lib/web_console/templates/error_page.js.erb within layouts/javascript (0.5ms)
  Rendered /Users/jennifervolpe/.rvm/gems/ruby-2.3.1/gems/web-console-2.3.0/lib/web_console/templates/index.html.erb (134.5ms)


Started GET "/posts/new" for ::1 at 2017-09-03 19:16:57 -0400
Processing by PostsController#new as HTML
  Rendered posts/new.html.erb within layouts/application (0.8ms)
Completed 200 OK in 228ms (Views: 226.9ms | ActiveRecord: 0.0ms)


Started POST "/posts" for ::1 at 2017-09-03 19:17:01 -0400
Processing by PostsController#create as HTML
  Parameters: {"utf8"=>"✓", "authenticity_token"=>"gpSAoadJfZtwbWhDzVNd5sKEEmTysJcHZg2sZyiGN9oR7VoVtaP7Ei38MK032zk/OIPlRZV7kXqsrjP0kt9REQ==", "post"=>{"title"=>"title", "description"=>"bfds"}}
  [1m[35m (0.1ms)[0m  begin transaction
  [1m[36mSQL (0.3ms)[0m  [1mINSERT INTO "posts" ("title", "description", "created_at", "updated_at") VALUES (?, ?, ?, ?)[0m  [["title", "title"], ["description", "bfds"], ["created_at", "2017-09-03 23:17:01.790980"], ["updated_at", "2017-09-03 23:17:01.790980"]]
  [1m[35m (2.2ms)[0m  commit transaction
Redirected to http://localhost:3000/posts
Completed 302 Found in 5ms (ActiveRecord: 2.5ms)


Started GET "/posts" for ::1 at 2017-09-03 19:17:01 -0400
Processing by PostsController#index as HTML
  [1m[36mPost Load (0.2ms)[0m  [1mSELECT "posts".* FROM "posts"[0m
  Rendered posts/index.html.erb within layouts/application (1.0ms)
Completed 200 OK in 65ms (Views: 64.3ms | ActiveRecord: 0.2ms)


Started GET "/posts/new" for ::1 at 2017-09-03 19:17:50 -0400
Processing by PostsController#new as HTML
  Rendered posts/new.html.erb within layouts/application (0.5ms)
Completed 200 OK in 32ms (Views: 31.3ms | ActiveRecord: 0.0ms)


Started GET "/posts/new" for ::1 at 2017-09-03 19:20:29 -0400
Processing by PostsController#new as HTML
  Rendered posts/new.html.erb within layouts/application (1.0ms)
Completed 200 OK in 69ms (Views: 68.8ms | ActiveRecord: 0.0ms)


Started POST "/posts" for ::1 at 2017-09-03 19:20:36 -0400
Processing by PostsController#create as HTML
  Parameters: {"utf8"=>"✓", "authenticity_token"=>"he7T5+ljZM3eeqkhYwjbohpKXAXqYKSi0z0r93Bl1dYWlwlT+4niRIPr8c+ZgL974E2rJI2rot8ZnrRkyjyzHQ==", "post"=>{"title"=>"my titel is cool", "description"=>"fklsd"}, "commit"=>"Submit Post"}
  [1m[35m (0.1ms)[0m  begin transaction
  [1m[36mSQL (0.6ms)[0m  [1mINSERT INTO "posts" ("title", "description", "created_at", "updated_at") VALUES (?, ?, ?, ?)[0m  [["title", "my titel is cool"], ["description", "fklsd"], ["created_at", "2017-09-03 23:20:36.040563"], ["updated_at", "2017-09-03 23:20:36.040563"]]
  [1m[35m (1.8ms)[0m  commit transaction
Redirected to http://localhost:3000/posts
Completed 302 Found in 7ms (ActiveRecord: 2.5ms)


Started GET "/posts" for ::1 at 2017-09-03 19:20:36 -0400
Processing by PostsController#index as HTML
  [1m[36mPost Load (0.2ms)[0m  [1mSELECT "posts".* FROM "posts"[0m
  Rendered posts/index.html.erb within layouts/application (0.8ms)
Completed 200 OK in 35ms (Views: 34.3ms | ActiveRecord: 0.2ms)
